<?xml version="1.0" encoding="utf-8"?><checkstyle version="4.3"><file name="/home/toga/Documents/tes-objectifs/app.js"><error line="1" column="14" severity="error" message="&apos;require&apos; is not defined. (no-undef)" source="eslint.rules.no-undef" /><error line="3" column="17" severity="error" message="&apos;require&apos; is not defined. (no-undef)" source="eslint.rules.no-undef" /><error line="4" column="20" severity="error" message="&apos;require&apos; is not defined. (no-undef)" source="eslint.rules.no-undef" /><error line="6" column="25" severity="error" message="&apos;require&apos; is not defined. (no-undef)" source="eslint.rules.no-undef" /><error line="7" column="7" severity="error" message="&apos;db&apos; is assigned a value but never used. (no-unused-vars)" source="eslint.rules.no-unused-vars" /><error line="7" column="12" severity="error" message="&apos;require&apos; is not defined. (no-undef)" source="eslint.rules.no-undef" /><error line="14" column="21" severity="error" message="&apos;require&apos; is not defined. (no-undef)" source="eslint.rules.no-undef" /><error line="15" column="20" severity="error" message="&apos;require&apos; is not defined. (no-undef)" source="eslint.rules.no-undef" /><error line="18" column="34" severity="error" message="&apos;__dirname&apos; is not defined. (no-undef)" source="eslint.rules.no-undef" /></file><file name="/home/toga/Documents/tes-objectifs/controllers/admin.js"><error line="1" column="17" severity="error" message="&apos;require&apos; is not defined. (no-undef)" source="eslint.rules.no-undef" /><error line="3" column="1" severity="error" message="&apos;exports&apos; is not defined. (no-undef)" source="eslint.rules.no-undef" /><error line="3" column="36" severity="error" message="&apos;next&apos; is defined but never used. (no-unused-vars)" source="eslint.rules.no-unused-vars" /><error line="11" column="1" severity="error" message="&apos;exports&apos; is not defined. (no-undef)" source="eslint.rules.no-undef" /><error line="11" column="37" severity="error" message="&apos;next&apos; is defined but never used. (no-unused-vars)" source="eslint.rules.no-unused-vars" /><error line="25" column="1" severity="error" message="&apos;exports&apos; is not defined. (no-undef)" source="eslint.rules.no-undef" /><error line="25" column="37" severity="error" message="&apos;next&apos; is defined but never used. (no-unused-vars)" source="eslint.rules.no-unused-vars" /><error line="44" column="1" severity="error" message="&apos;exports&apos; is not defined. (no-undef)" source="eslint.rules.no-undef" /><error line="44" column="38" severity="error" message="&apos;next&apos; is defined but never used. (no-unused-vars)" source="eslint.rules.no-unused-vars" /><error line="61" column="1" severity="error" message="&apos;exports&apos; is not defined. (no-undef)" source="eslint.rules.no-undef" /><error line="61" column="34" severity="error" message="&apos;next&apos; is defined but never used. (no-unused-vars)" source="eslint.rules.no-unused-vars" /><error line="71" column="1" severity="error" message="&apos;exports&apos; is not defined. (no-undef)" source="eslint.rules.no-undef" /><error line="71" column="40" severity="error" message="&apos;next&apos; is defined but never used. (no-unused-vars)" source="eslint.rules.no-unused-vars" /></file><file name="/home/toga/Documents/tes-objectifs/controllers/error.js"><error line="1" column="1" severity="error" message="&apos;exports&apos; is not defined. (no-undef)" source="eslint.rules.no-undef" /><error line="1" column="29" severity="error" message="&apos;next&apos; is defined but never used. (no-unused-vars)" source="eslint.rules.no-unused-vars" /></file><file name="/home/toga/Documents/tes-objectifs/controllers/shop.js"><error line="1" column="17" severity="error" message="&apos;require&apos; is not defined. (no-undef)" source="eslint.rules.no-undef" /><error line="2" column="14" severity="error" message="&apos;require&apos; is not defined. (no-undef)" source="eslint.rules.no-undef" /><error line="4" column="1" severity="error" message="&apos;exports&apos; is not defined. (no-undef)" source="eslint.rules.no-undef" /><error line="4" column="34" severity="error" message="&apos;next&apos; is defined but never used. (no-unused-vars)" source="eslint.rules.no-unused-vars" /><error line="6" column="19" severity="error" message="&apos;fieldData&apos; is defined but never used. (no-unused-vars)" source="eslint.rules.no-unused-vars" /><error line="16" column="1" severity="error" message="&apos;exports&apos; is not defined. (no-undef)" source="eslint.rules.no-undef" /><error line="16" column="33" severity="error" message="&apos;next&apos; is defined but never used. (no-unused-vars)" source="eslint.rules.no-unused-vars" /><error line="29" column="1" severity="error" message="&apos;exports&apos; is not defined. (no-undef)" source="eslint.rules.no-undef" /><error line="29" column="31" severity="error" message="&apos;next&apos; is defined but never used. (no-unused-vars)" source="eslint.rules.no-unused-vars" /><error line="31" column="19" severity="error" message="&apos;fieldData&apos; is defined but never used. (no-unused-vars)" source="eslint.rules.no-unused-vars" /><error line="41" column="1" severity="error" message="&apos;exports&apos; is not defined. (no-undef)" source="eslint.rules.no-undef" /><error line="41" column="30" severity="error" message="&apos;next&apos; is defined but never used. (no-unused-vars)" source="eslint.rules.no-unused-vars" /><error line="45" column="12" severity="error" message="&apos;product&apos; is not defined. (no-undef)" source="eslint.rules.no-undef" /><error line="47" column="31" severity="error" message="&apos;product&apos; is not defined. (no-undef)" source="eslint.rules.no-undef" /><error line="50" column="44" severity="error" message="&apos;product&apos; is not defined. (no-undef)" source="eslint.rules.no-undef" /><error line="62" column="1" severity="error" message="&apos;exports&apos; is not defined. (no-undef)" source="eslint.rules.no-undef" /><error line="62" column="31" severity="error" message="&apos;next&apos; is defined but never used. (no-unused-vars)" source="eslint.rules.no-unused-vars" /><error line="70" column="1" severity="error" message="&apos;exports&apos; is not defined. (no-undef)" source="eslint.rules.no-undef" /><error line="70" column="44" severity="error" message="&apos;next&apos; is defined but never used. (no-unused-vars)" source="eslint.rules.no-unused-vars" /><error line="78" column="1" severity="error" message="&apos;exports&apos; is not defined. (no-undef)" source="eslint.rules.no-undef" /><error line="78" column="32" severity="error" message="&apos;next&apos; is defined but never used. (no-unused-vars)" source="eslint.rules.no-unused-vars" /><error line="85" column="1" severity="error" message="&apos;exports&apos; is not defined. (no-undef)" source="eslint.rules.no-undef" /><error line="85" column="34" severity="error" message="&apos;next&apos; is defined but never used. (no-unused-vars)" source="eslint.rules.no-unused-vars" /></file><file name="/home/toga/Documents/tes-objectifs/eslint.config.mjs"></file><file name="/home/toga/Documents/tes-objectifs/models/cart.js"><error line="1" column="12" severity="error" message="&apos;require&apos; is not defined. (no-undef)" source="eslint.rules.no-undef" /><error line="2" column="14" severity="error" message="&apos;require&apos; is not defined. (no-undef)" source="eslint.rules.no-undef" /><error line="5" column="16" severity="error" message="&apos;process&apos; is not defined. (no-undef)" source="eslint.rules.no-undef" /><error line="10" column="1" severity="error" message="&apos;module&apos; is not defined. (no-undef)" source="eslint.rules.no-undef" /></file><file name="/home/toga/Documents/tes-objectifs/models/product.js"><error line="1" column="12" severity="error" message="&apos;require&apos; is not defined. (no-undef)" source="eslint.rules.no-undef" /><error line="3" column="7" severity="error" message="&apos;Cart&apos; is assigned a value but never used. (no-unused-vars)" source="eslint.rules.no-unused-vars" /><error line="3" column="14" severity="error" message="&apos;require&apos; is not defined. (no-undef)" source="eslint.rules.no-undef" /><error line="5" column="1" severity="error" message="&apos;module&apos; is not defined. (no-undef)" source="eslint.rules.no-undef" /><error line="21" column="21" severity="error" message="&apos;id&apos; is defined but never used. (no-unused-vars)" source="eslint.rules.no-unused-vars" /></file><file name="/home/toga/Documents/tes-objectifs/public/js/main.js"></file><file name="/home/toga/Documents/tes-objectifs/routes/admin.js"><error line="1" column="7" severity="error" message="&apos;path&apos; is assigned a value but never used. (no-unused-vars)" source="eslint.rules.no-unused-vars" /><error line="1" column="14" severity="error" message="&apos;require&apos; is not defined. (no-undef)" source="eslint.rules.no-undef" /><error line="3" column="17" severity="error" message="&apos;require&apos; is not defined. (no-undef)" source="eslint.rules.no-undef" /><error line="5" column="25" severity="error" message="&apos;require&apos; is not defined. (no-undef)" source="eslint.rules.no-undef" /><error line="24" column="1" severity="error" message="&apos;module&apos; is not defined. (no-undef)" source="eslint.rules.no-undef" /></file><file name="/home/toga/Documents/tes-objectifs/routes/shop.js"><error line="1" column="7" severity="error" message="&apos;path&apos; is assigned a value but never used. (no-unused-vars)" source="eslint.rules.no-unused-vars" /><error line="1" column="14" severity="error" message="&apos;require&apos; is not defined. (no-undef)" source="eslint.rules.no-undef" /><error line="3" column="17" severity="error" message="&apos;require&apos; is not defined. (no-undef)" source="eslint.rules.no-undef" /><error line="5" column="24" severity="error" message="&apos;require&apos; is not defined. (no-undef)" source="eslint.rules.no-undef" /><error line="25" column="1" severity="error" message="&apos;module&apos; is not defined. (no-undef)" source="eslint.rules.no-undef" /></file><file name="/home/toga/Documents/tes-objectifs/util/database.js"><error line="1" column="15" severity="error" message="&apos;require&apos; is not defined. (no-undef)" source="eslint.rules.no-undef" /><error line="10" column="1" severity="error" message="&apos;module&apos; is not defined. (no-undef)" source="eslint.rules.no-undef" /></file><file name="/home/toga/Documents/tes-objectifs/util/path.js"><error line="1" column="14" severity="error" message="&apos;require&apos; is not defined. (no-undef)" source="eslint.rules.no-undef" /><error line="3" column="1" severity="error" message="&apos;module&apos; is not defined. (no-undef)" source="eslint.rules.no-undef" /><error line="3" column="31" severity="error" message="&apos;process&apos; is not defined. (no-undef)" source="eslint.rules.no-undef" /></file></checkstyle>